Determining if the pthread_create exist failed with the following output:
Change Dir: /home/pi/robot-luxo/catkin_ws/build/CMakeFiles/CMakeTmp

Run Build Command:"/usr/bin/make" "cmTC_b997d/fast"
/usr/bin/make -f CMakeFiles/cmTC_b997d.dir/build.make CMakeFiles/cmTC_b997d.dir/build
make[1]: Entering directory '/home/pi/robot-luxo/catkin_ws/build/CMakeFiles/CMakeTmp'
Building C object CMakeFiles/cmTC_b997d.dir/CheckSymbolExists.c.o
/usr/bin/cc     -o CMakeFiles/cmTC_b997d.dir/CheckSymbolExists.c.o   -c /home/pi/robot-luxo/catkin_ws/build/CMakeFiles/CMakeTmp/CheckSymbolExists.c
Linking C executable cmTC_b997d
/usr/bin/cmake -E cmake_link_script CMakeFiles/cmTC_b997d.dir/link.txt --verbose=1
/usr/bin/cc       CMakeFiles/cmTC_b997d.dir/CheckSymbolExists.c.o  -o cmTC_b997d -rdynamic 
CMakeFiles/cmTC_b997d.dir/CheckSymbolExists.c.o: In function `main':
CheckSymbolExists.c:(.text+0x38): undefined reference to `pthread_create'
collect2: error: ld returned 1 exit status
CMakeFiles/cmTC_b997d.dir/build.make:97: recipe for target 'cmTC_b997d' failed
make[1]: *** [cmTC_b997d] Error 1
make[1]: Leaving directory '/home/pi/robot-luxo/catkin_ws/build/CMakeFiles/CMakeTmp'
Makefile:126: recipe for target 'cmTC_b997d/fast' failed
make: *** [cmTC_b997d/fast] Error 2

File /home/pi/robot-luxo/catkin_ws/build/CMakeFiles/CMakeTmp/CheckSymbolExists.c:
/* */
#include <pthread.h>

int main(int argc, char** argv)
{
  (void)argv;
#ifndef pthread_create
  return ((int*)(&pthread_create))[argc];
#else
  (void)argc;
  return 0;
#endif
}

Determining if the function pthread_create exists in the pthreads failed with the following output:
Change Dir: /home/pi/robot-luxo/catkin_ws/build/CMakeFiles/CMakeTmp

Run Build Command:"/usr/bin/make" "cmTC_8e4b8/fast"
/usr/bin/make -f CMakeFiles/cmTC_8e4b8.dir/build.make CMakeFiles/cmTC_8e4b8.dir/build
make[1]: Entering directory '/home/pi/robot-luxo/catkin_ws/build/CMakeFiles/CMakeTmp'
Building C object CMakeFiles/cmTC_8e4b8.dir/CheckFunctionExists.c.o
/usr/bin/cc    -DCHECK_FUNCTION_EXISTS=pthread_create   -o CMakeFiles/cmTC_8e4b8.dir/CheckFunctionExists.c.o   -c /usr/share/cmake-3.7/Modules/CheckFunctionExists.c
Linking C executable cmTC_8e4b8
/usr/bin/cmake -E cmake_link_script CMakeFiles/cmTC_8e4b8.dir/link.txt --verbose=1
/usr/bin/cc   -DCHECK_FUNCTION_EXISTS=pthread_create    CMakeFiles/cmTC_8e4b8.dir/CheckFunctionExists.c.o  -o cmTC_8e4b8 -rdynamic -lpthreads 
/usr/bin/ld: cannot find -lpthreads
collect2: error: ld returned 1 exit status
CMakeFiles/cmTC_8e4b8.dir/build.make:97: recipe for target 'cmTC_8e4b8' failed
make[1]: *** [cmTC_8e4b8] Error 1
make[1]: Leaving directory '/home/pi/robot-luxo/catkin_ws/build/CMakeFiles/CMakeTmp'
Makefile:126: recipe for target 'cmTC_8e4b8/fast' failed
make: *** [cmTC_8e4b8/fast] Error 2


